2025-12-06T02:15:49.034857Z mysqld_safe Logging to '/home/nikki.gorski/databases/cos457_course_proj/sql-commands-and-backend/database/ant.err'.
2025-12-06T02:15:49.194763Z mysqld_safe A mysqld process already exists
2025-12-06T02:35:54.862882Z mysqld_safe Logging to '/home/nikki.gorski/databases/cos457_course_proj/sql-commands-and-backend/database/ant.err'.
2025-12-06T02:35:54.909740Z mysqld_safe A mysqld process already exists
2025-12-06T03:29:08.529220Z mysqld_safe Logging to '/home/nikki.gorski/databases/cos457_course_proj/sql-commands-and-backend/database/ant.err'.
2025-12-06T03:29:08.578016Z mysqld_safe A mysqld process already exists
2025-12-08T10:26:18.271823Z mysqld_safe Logging to '/home/nikki.gorski/databases/cos457_course_proj/sql-commands-and-backend/database/ant.err'.
2025-12-08T10:26:18.303319Z mysqld_safe Starting mysqld daemon with databases from /home/nikki.gorski/databases/cos457_course_proj/sql-commands-and-backend/database
2025-12-08T10:26:18.352692Z 0 [System] [MY-015015] [Server] MySQL Server - start.
2025-12-08T10:26:18.551754Z 0 [System] [MY-010116] [Server] /home/nikki.gorski/mysql/bin/mysqld (mysqld 8.1.0) starting as process 1766132
2025-12-08T10:26:18.702562Z 1 [System] [MY-013576] [InnoDB] InnoDB initialization has started.
2025-12-08T10:26:22.808219Z 1 [System] [MY-013577] [InnoDB] InnoDB initialization has ended.
2025-12-08T10:26:23.688153Z 1 [Warning] [MY-012351] [InnoDB] Tablespace 293, name 'lobsternotes/pdf', file './lobsternotes/pdf.ibd' is missing!
2025-12-08T10:26:24.936766Z 4 [System] [MY-013381] [Server] Server upgrade from '80033' to '80100' started.
2025-12-08T10:26:41.427838Z 4 [System] [MY-013381] [Server] Server upgrade from '80033' to '80100' completed.
2025-12-08T10:26:41.592432Z 0 [System] [MY-010229] [Server] Starting XA crash recovery...
2025-12-08T10:26:41.598454Z 0 [System] [MY-010232] [Server] XA crash recovery finished.
2025-12-08T10:26:41.894574Z 0 [Warning] [MY-010068] [Server] CA certificate ca.pem is self signed.
2025-12-08T10:26:41.894604Z 0 [System] [MY-013602] [Server] Channel mysql_main configured to support TLS. Encrypted connections are now supported for this channel.
2025-12-08T10:26:42.013297Z 0 [System] [MY-011323] [Server] X Plugin ready for connections. Bind-address: '::' port: 33060, socket: /tmp/mysqlx.sock
2025-12-08T10:26:42.013371Z 0 [System] [MY-010931] [Server] /home/nikki.gorski/mysql/bin/mysqld: ready for connections. Version: '8.1.0'  socket: '/home/nikki.gorski/mysql.sock'  port: 3306  MySQL Community Server - GPL.
2025-12-08T10:26:42.418824Z 12 [ERROR] [MY-012592] [InnoDB] Operating system error number 2 in a file operation.
2025-12-08T10:26:42.418852Z 12 [ERROR] [MY-012593] [InnoDB] The error means the system cannot find the path specified.
2025-12-08T10:26:42.418858Z 12 [ERROR] [MY-012216] [InnoDB] Cannot open datafile for read-only: './lobsternotes/pdf.ibd' OS error: 71
2025-12-08T10:26:43.434062Z 13 [Warning] [MY-011078] [Server] Problem while dropping database. Can't remove database directory (Error dropping database (can't rmdir './lobsternotes', errno: 39 - Directory not empty)). Please remove it manually.
2025-12-08T10:28:51.851399Z 0 [System] [MY-013172] [Server] Received SHUTDOWN from user <via user signal>. Shutting down mysqld (Version: 8.1.0).
2025-12-08T10:28:53.798725Z 0 [System] [MY-010910] [Server] /home/nikki.gorski/mysql/bin/mysqld: Shutdown complete (mysqld 8.1.0)  MySQL Community Server - GPL.
2025-12-08T10:28:53.803757Z 0 [System] [MY-015016] [Server] MySQL Server - end.
2025-12-08T10:28:54.262973Z mysqld_safe mysqld from pid file /home/nikki.gorski/databases/cos457_course_proj/sql-commands-and-backend/database/ant.pid ended
2025-12-08T10:30:52.352766Z mysqld_safe Logging to '/home/nikki.gorski/databases/cos457_course_proj/sql-commands-and-backend/database/ant.err'.
2025-12-08T10:30:52.383496Z mysqld_safe Starting mysqld daemon with databases from /home/nikki.gorski/databases/cos457_course_proj/sql-commands-and-backend/database
2025-12-08T10:30:52.433498Z 0 [System] [MY-015015] [Server] MySQL Server - start.
2025-12-08T10:30:52.630712Z 0 [System] [MY-010116] [Server] /home/nikki.gorski/mysql/bin/mysqld (mysqld 8.1.0) starting as process 1769493
2025-12-08T10:30:52.786998Z 1 [System] [MY-013576] [InnoDB] InnoDB initialization has started.
2025-12-08T10:30:55.267721Z 1 [System] [MY-013577] [InnoDB] InnoDB initialization has ended.
2025-12-08T10:30:56.171497Z 0 [Warning] [MY-010068] [Server] CA certificate ca.pem is self signed.
2025-12-08T10:30:56.171529Z 0 [System] [MY-013602] [Server] Channel mysql_main configured to support TLS. Encrypted connections are now supported for this channel.
2025-12-08T10:30:56.289691Z 0 [System] [MY-011323] [Server] X Plugin ready for connections. Bind-address: '::' port: 33060, socket: /tmp/mysqlx.sock
2025-12-08T10:30:56.289730Z 0 [System] [MY-010931] [Server] /home/nikki.gorski/mysql/bin/mysqld: ready for connections. Version: '8.1.0'  socket: '/home/nikki.gorski/mysql.sock'  port: 3306  MySQL Community Server - GPL.
2025-12-08T10:31:19.355362Z 0 [System] [MY-013172] [Server] Received SHUTDOWN from user <via user signal>. Shutting down mysqld (Version: 8.1.0).
2025-12-08T10:31:20.249870Z 0 [System] [MY-010910] [Server] /home/nikki.gorski/mysql/bin/mysqld: Shutdown complete (mysqld 8.1.0)  MySQL Community Server - GPL.
2025-12-08T10:31:20.254830Z 0 [System] [MY-015016] [Server] MySQL Server - end.
2025-12-08T10:31:20.735311Z mysqld_safe mysqld from pid file /home/nikki.gorski/databases/cos457_course_proj/sql-commands-and-backend/database/ant.pid ended
2025-12-08T10:31:31.887441Z mysqld_safe Logging to '/home/nikki.gorski/databases/cos457_course_proj/sql-commands-and-backend/database/ant.err'.
2025-12-08T10:31:31.917388Z mysqld_safe Starting mysqld daemon with databases from /home/nikki.gorski/databases/cos457_course_proj/sql-commands-and-backend/database
2025-12-08T10:31:31.949310Z 0 [System] [MY-015015] [Server] MySQL Server - start.
2025-12-08T10:31:32.149798Z 0 [System] [MY-010116] [Server] /home/nikki.gorski/mysql/bin/mysqld (mysqld 8.1.0) starting as process 1770522
2025-12-08T10:31:32.281006Z 1 [System] [MY-013576] [InnoDB] InnoDB initialization has started.
2025-12-08T10:31:34.775047Z 1 [System] [MY-013577] [InnoDB] InnoDB initialization has ended.
2025-12-08T10:31:35.591837Z 0 [Warning] [MY-010068] [Server] CA certificate ca.pem is self signed.
2025-12-08T10:31:35.591896Z 0 [System] [MY-013602] [Server] Channel mysql_main configured to support TLS. Encrypted connections are now supported for this channel.
2025-12-08T10:31:35.685994Z 0 [System] [MY-011323] [Server] X Plugin ready for connections. Bind-address: '::' port: 33060, socket: /tmp/mysqlx.sock
2025-12-08T10:31:35.686034Z 0 [System] [MY-010931] [Server] /home/nikki.gorski/mysql/bin/mysqld: ready for connections. Version: '8.1.0'  socket: '/home/nikki.gorski/mysql.sock'  port: 3306  MySQL Community Server - GPL.
2025-12-08T10:45:45.564928Z 0 [System] [MY-013172] [Server] Received SHUTDOWN from user <via user signal>. Shutting down mysqld (Version: 8.1.0).
2025-12-08T10:45:47.263005Z 0 [System] [MY-010910] [Server] /home/nikki.gorski/mysql/bin/mysqld: Shutdown complete (mysqld 8.1.0)  MySQL Community Server - GPL.
2025-12-08T10:45:47.263768Z 0 [System] [MY-015016] [Server] MySQL Server - end.
2025-12-08T10:45:47.787914Z mysqld_safe mysqld from pid file /home/nikki.gorski/databases/cos457_course_proj/sql-commands-and-backend/database/ant.pid ended
2025-12-08T10:46:16.668858Z mysqld_safe Logging to '/home/nikki.gorski/databases/cos457_course_proj/sql-commands-and-backend/database/ant.err'.
2025-12-08T10:46:16.699121Z mysqld_safe Starting mysqld daemon with databases from /home/nikki.gorski/databases/cos457_course_proj/sql-commands-and-backend/database
2025-12-08T10:46:16.748285Z 0 [System] [MY-015015] [Server] MySQL Server - start.
2025-12-08T10:46:16.942766Z 0 [System] [MY-010116] [Server] /home/nikki.gorski/mysql/bin/mysqld (mysqld 8.1.0) starting as process 1779111
2025-12-08T10:46:17.110624Z 1 [System] [MY-013576] [InnoDB] InnoDB initialization has started.
2025-12-08T10:46:19.810163Z 1 [System] [MY-013577] [InnoDB] InnoDB initialization has ended.
2025-12-08T10:46:20.808440Z 0 [Warning] [MY-010068] [Server] CA certificate ca.pem is self signed.
2025-12-08T10:46:20.808482Z 0 [System] [MY-013602] [Server] Channel mysql_main configured to support TLS. Encrypted connections are now supported for this channel.
2025-12-08T10:46:21.072593Z 0 [System] [MY-011323] [Server] X Plugin ready for connections. Bind-address: '::' port: 33060, socket: /tmp/mysqlx.sock
2025-12-08T10:46:21.072659Z 0 [System] [MY-010931] [Server] /home/nikki.gorski/mysql/bin/mysqld: ready for connections. Version: '8.1.0'  socket: '/home/nikki.gorski/mysql.sock'  port: 3306  MySQL Community Server - GPL.
2025-12-08T10:55:05.127840Z 0 [System] [MY-013172] [Server] Received SHUTDOWN from user <via user signal>. Shutting down mysqld (Version: 8.1.0).
2025-12-08T10:55:07.142748Z 0 [Warning] [MY-010909] [Server] /home/nikki.gorski/mysql/bin/mysqld: Forcing close of thread 27  user: 'root'.
2025-12-08T10:55:07.142855Z 0 [Warning] [MY-010909] [Server] /home/nikki.gorski/mysql/bin/mysqld: Forcing close of thread 28  user: 'root'.
2025-12-08T10:55:08.201010Z 0 [System] [MY-010910] [Server] /home/nikki.gorski/mysql/bin/mysqld: Shutdown complete (mysqld 8.1.0)  MySQL Community Server - GPL.
2025-12-08T10:55:08.206377Z 0 [System] [MY-015016] [Server] MySQL Server - end.
2025-12-08T10:55:08.648086Z mysqld_safe mysqld from pid file /home/nikki.gorski/databases/cos457_course_proj/sql-commands-and-backend/database/ant.pid ended
2025-12-08T10:55:27.817665Z mysqld_safe Logging to '/home/nikki.gorski/databases/cos457_course_proj/sql-commands-and-backend/database/ant.err'.
2025-12-08T10:55:27.845469Z mysqld_safe Starting mysqld daemon with databases from /home/nikki.gorski/databases/cos457_course_proj/sql-commands-and-backend/database
2025-12-08T10:55:27.894104Z 0 [System] [MY-015015] [Server] MySQL Server - start.
2025-12-08T10:55:28.092001Z 0 [System] [MY-010116] [Server] /home/nikki.gorski/mysql/bin/mysqld (mysqld 8.1.0) starting as process 1784316
2025-12-08T10:55:28.245704Z 1 [System] [MY-013576] [InnoDB] InnoDB initialization has started.
2025-12-08T10:55:30.644995Z 1 [System] [MY-013577] [InnoDB] InnoDB initialization has ended.
2025-12-08T10:55:30.868973Z 1 [Warning] [MY-012351] [InnoDB] Tablespace 435, name 'lobsternotes/subject', file './lobsternotes/subject.ibd' is missing!
2025-12-08T10:55:30.873262Z 1 [Warning] [MY-012351] [InnoDB] Tablespace 436, name 'lobsternotes/user', file './lobsternotes/user.ibd' is missing!
2025-12-08T10:55:30.878545Z 1 [Warning] [MY-012351] [InnoDB] Tablespace 437, name 'lobsternotes/student', file './lobsternotes/student.ibd' is missing!
2025-12-08T10:55:30.888797Z 1 [Warning] [MY-012351] [InnoDB] Tablespace 438, name 'lobsternotes/professor', file './lobsternotes/professor.ibd' is missing!
2025-12-08T10:55:30.924989Z 1 [Warning] [MY-012351] [InnoDB] Tablespace 439, name 'lobsternotes/course', file './lobsternotes/course.ibd' is missing!
2025-12-08T10:55:30.930059Z 1 [Warning] [MY-012351] [InnoDB] Tablespace 441, name 'lobsternotes/rating', file './lobsternotes/rating.ibd' is missing!
2025-12-08T10:55:30.937405Z 1 [Warning] [MY-012351] [InnoDB] Tablespace 442, name 'lobsternotes/note', file './lobsternotes/note.ibd' is missing!
2025-12-08T10:55:30.942311Z 1 [Warning] [MY-012351] [InnoDB] Tablespace 443, name 'lobsternotes/pdf', file './lobsternotes/pdf.ibd' is missing!
2025-12-08T10:55:30.946516Z 1 [Warning] [MY-012351] [InnoDB] Tablespace 444, name 'lobsternotes/image', file './lobsternotes/image.ibd' is missing!
2025-12-08T10:55:30.955954Z 1 [Warning] [MY-012351] [InnoDB] Tablespace 445, name 'lobsternotes/video', file './lobsternotes/video.ibd' is missing!
2025-12-08T10:55:30.967339Z 1 [Warning] [MY-012351] [InnoDB] Tablespace 446, name 'lobsternotes/website', file './lobsternotes/website.ibd' is missing!
2025-12-08T10:55:30.976852Z 1 [Warning] [MY-012351] [InnoDB] Tablespace 447, name 'lobsternotes/enrolled', file './lobsternotes/enrolled.ibd' is missing!
2025-12-08T10:55:31.011370Z 1 [Warning] [MY-012351] [InnoDB] Tablespace 448, name 'lobsternotes/teaches', file './lobsternotes/teaches.ibd' is missing!
2025-12-08T10:55:31.011418Z 1 [Warning] [MY-012351] [InnoDB] Tablespace 449, name 'lobsternotes/StageWebData', file './lobsternotes/StageWebData.ibd' is missing!
2025-12-08T10:55:31.015871Z 1 [Warning] [MY-012351] [InnoDB] Tablespace 450, name 'lobsternotes/resource', file './lobsternotes/resource.ibd' is missing!
2025-12-08T10:55:31.023501Z 1 [Warning] [MY-012351] [InnoDB] Tablespace 457, name 'lobsternotes/fts_000000000000064a_being_deleted', file './lobsternotes/fts_000000000000064a_being_deleted.ibd' is missing!
2025-12-08T10:55:31.032775Z 1 [Warning] [MY-012351] [InnoDB] Tablespace 458, name 'lobsternotes/fts_000000000000064a_being_deleted_cache', file './lobsternotes/fts_000000000000064a_being_deleted_cache.ibd' is missing!
2025-12-08T10:55:31.042149Z 1 [Warning] [MY-012351] [InnoDB] Tablespace 459, name 'lobsternotes/fts_000000000000064a_config', file './lobsternotes/fts_000000000000064a_config.ibd' is missing!
2025-12-08T10:55:31.051907Z 1 [Warning] [MY-012351] [InnoDB] Tablespace 460, name 'lobsternotes/fts_000000000000064a_deleted', file './lobsternotes/fts_000000000000064a_deleted.ibd' is missing!
2025-12-08T10:55:31.061255Z 1 [Warning] [MY-012351] [InnoDB] Tablespace 461, name 'lobsternotes/fts_000000000000064a_deleted_cache', file './lobsternotes/fts_000000000000064a_deleted_cache.ibd' is missing!
2025-12-08T10:55:31.097689Z 1 [Warning] [MY-012351] [InnoDB] Tablespace 451, name 'lobsternotes/fts_000000000000064a_00000000000003e4_index_1', file './lobsternotes/fts_000000000000064a_00000000000003e4_index_1.ibd' is missing!
2025-12-08T10:55:31.107751Z 1 [Warning] [MY-012351] [InnoDB] Tablespace 452, name 'lobsternotes/fts_000000000000064a_00000000000003e4_index_2', file './lobsternotes/fts_000000000000064a_00000000000003e4_index_2.ibd' is missing!
2025-12-08T10:55:31.111978Z 1 [Warning] [MY-012351] [InnoDB] Tablespace 453, name 'lobsternotes/fts_000000000000064a_00000000000003e4_index_3', file './lobsternotes/fts_000000000000064a_00000000000003e4_index_3.ibd' is missing!
2025-12-08T10:55:31.116965Z 1 [Warning] [MY-012351] [InnoDB] Tablespace 454, name 'lobsternotes/fts_000000000000064a_00000000000003e4_index_4', file './lobsternotes/fts_000000000000064a_00000000000003e4_index_4.ibd' is missing!
2025-12-08T10:55:31.121247Z 1 [Warning] [MY-012351] [InnoDB] Tablespace 455, name 'lobsternotes/fts_000000000000064a_00000000000003e4_index_5', file './lobsternotes/fts_000000000000064a_00000000000003e4_index_5.ibd' is missing!
2025-12-08T10:55:31.126780Z 1 [Warning] [MY-012351] [InnoDB] Tablespace 456, name 'lobsternotes/fts_000000000000064a_00000000000003e4_index_6', file './lobsternotes/fts_000000000000064a_00000000000003e4_index_6.ibd' is missing!
2025-12-08T10:55:31.749900Z 0 [Warning] [MY-010068] [Server] CA certificate ca.pem is self signed.
2025-12-08T10:55:31.749953Z 0 [System] [MY-013602] [Server] Channel mysql_main configured to support TLS. Encrypted connections are now supported for this channel.
2025-12-08T10:55:31.877333Z 0 [System] [MY-011323] [Server] X Plugin ready for connections. Bind-address: '::' port: 33060, socket: /tmp/mysqlx.sock
2025-12-08T10:55:31.877370Z 0 [System] [MY-010931] [Server] /home/nikki.gorski/mysql/bin/mysqld: ready for connections. Version: '8.1.0'  socket: '/home/nikki.gorski/mysql.sock'  port: 3306  MySQL Community Server - GPL.
2025-12-08T10:55:32.812168Z 10 [ERROR] [MY-012592] [InnoDB] Operating system error number 2 in a file operation.
2025-12-08T10:55:32.812200Z 10 [ERROR] [MY-012593] [InnoDB] The error means the system cannot find the path specified.
2025-12-08T10:55:32.812208Z 10 [ERROR] [MY-012216] [InnoDB] Cannot open datafile for read-only: './lobsternotes/StageWebData.ibd' OS error: 71
2025-12-08T10:55:32.826672Z 10 [ERROR] [MY-012592] [InnoDB] Operating system error number 2 in a file operation.
2025-12-08T10:55:32.826694Z 10 [ERROR] [MY-012593] [InnoDB] The error means the system cannot find the path specified.
2025-12-08T10:55:32.826700Z 10 [ERROR] [MY-012216] [InnoDB] Cannot open datafile for read-only: './lobsternotes/teaches.ibd' OS error: 71
2025-12-08T10:55:32.849144Z 10 [ERROR] [MY-012592] [InnoDB] Operating system error number 2 in a file operation.
2025-12-08T10:55:32.849170Z 10 [ERROR] [MY-012593] [InnoDB] The error means the system cannot find the path specified.
2025-12-08T10:55:32.849175Z 10 [ERROR] [MY-012216] [InnoDB] Cannot open datafile for read-only: './lobsternotes/enrolled.ibd' OS error: 71
2025-12-08T10:55:32.866769Z 10 [ERROR] [MY-012592] [InnoDB] Operating system error number 2 in a file operation.
2025-12-08T10:55:32.866793Z 10 [ERROR] [MY-012593] [InnoDB] The error means the system cannot find the path specified.
2025-12-08T10:55:32.866798Z 10 [ERROR] [MY-012216] [InnoDB] Cannot open datafile for read-only: './lobsternotes/website.ibd' OS error: 71
2025-12-08T10:55:32.899930Z 10 [ERROR] [MY-012592] [InnoDB] Operating system error number 2 in a file operation.
2025-12-08T10:55:32.899956Z 10 [ERROR] [MY-012593] [InnoDB] The error means the system cannot find the path specified.
2025-12-08T10:55:32.899961Z 10 [ERROR] [MY-012216] [InnoDB] Cannot open datafile for read-only: './lobsternotes/video.ibd' OS error: 71
2025-12-08T10:55:32.912902Z 10 [ERROR] [MY-012592] [InnoDB] Operating system error number 2 in a file operation.
2025-12-08T10:55:32.915397Z 10 [ERROR] [MY-012593] [InnoDB] The error means the system cannot find the path specified.
2025-12-08T10:55:32.915412Z 10 [ERROR] [MY-012216] [InnoDB] Cannot open datafile for read-only: './lobsternotes/image.ibd' OS error: 71
2025-12-08T10:55:32.938385Z 10 [ERROR] [MY-012592] [InnoDB] Operating system error number 2 in a file operation.
2025-12-08T10:55:32.941486Z 10 [ERROR] [MY-012593] [InnoDB] The error means the system cannot find the path specified.
2025-12-08T10:55:32.941502Z 10 [ERROR] [MY-012216] [InnoDB] Cannot open datafile for read-only: './lobsternotes/pdf.ibd' OS error: 71
2025-12-08T10:55:32.958377Z 10 [ERROR] [MY-012592] [InnoDB] Operating system error number 2 in a file operation.
2025-12-08T10:55:32.958411Z 10 [ERROR] [MY-012593] [InnoDB] The error means the system cannot find the path specified.
2025-12-08T10:55:32.958419Z 10 [ERROR] [MY-012216] [InnoDB] Cannot open datafile for read-only: './lobsternotes/note.ibd' OS error: 71
2025-12-08T10:55:32.978568Z 10 [ERROR] [MY-012592] [InnoDB] Operating system error number 2 in a file operation.
2025-12-08T10:55:32.978591Z 10 [ERROR] [MY-012593] [InnoDB] The error means the system cannot find the path specified.
2025-12-08T10:55:32.978596Z 10 [ERROR] [MY-012216] [InnoDB] Cannot open datafile for read-only: './lobsternotes/rating.ibd' OS error: 71
2025-12-08T10:55:33.010906Z 10 [ERROR] [MY-012592] [InnoDB] Operating system error number 2 in a file operation.
2025-12-08T10:55:33.010928Z 10 [ERROR] [MY-012593] [InnoDB] The error means the system cannot find the path specified.
2025-12-08T10:55:33.010935Z 10 [ERROR] [MY-012216] [InnoDB] Cannot open datafile for read-only: './lobsternotes/resource.ibd' OS error: 71
2025-12-08T10:55:33.033444Z 10 [ERROR] [MY-012592] [InnoDB] Operating system error number 2 in a file operation.
2025-12-08T10:55:33.033481Z 10 [ERROR] [MY-012593] [InnoDB] The error means the system cannot find the path specified.
2025-12-08T10:55:33.033487Z 10 [ERROR] [MY-012216] [InnoDB] Cannot open datafile for read-only: './lobsternotes/fts_000000000000064a_being_deleted.ibd' OS error: 71
2025-12-08T10:55:33.033818Z 10 [ERROR] [MY-012592] [InnoDB] Operating system error number 2 in a file operation.
2025-12-08T10:55:33.033827Z 10 [ERROR] [MY-012593] [InnoDB] The error means the system cannot find the path specified.
2025-12-08T10:55:33.033830Z 10 [ERROR] [MY-012216] [InnoDB] Cannot open datafile for read-only: './lobsternotes/fts_000000000000064a_being_deleted_cache.ibd' OS error: 71
2025-12-08T10:55:33.034074Z 10 [ERROR] [MY-012592] [InnoDB] Operating system error number 2 in a file operation.
2025-12-08T10:55:33.034082Z 10 [ERROR] [MY-012593] [InnoDB] The error means the system cannot find the path specified.
2025-12-08T10:55:33.034090Z 10 [ERROR] [MY-012216] [InnoDB] Cannot open datafile for read-only: './lobsternotes/fts_000000000000064a_config.ibd' OS error: 71
2025-12-08T10:55:33.034339Z 10 [ERROR] [MY-012592] [InnoDB] Operating system error number 2 in a file operation.
2025-12-08T10:55:33.034348Z 10 [ERROR] [MY-012593] [InnoDB] The error means the system cannot find the path specified.
2025-12-08T10:55:33.034351Z 10 [ERROR] [MY-012216] [InnoDB] Cannot open datafile for read-only: './lobsternotes/fts_000000000000064a_deleted.ibd' OS error: 71
2025-12-08T10:55:33.034582Z 10 [ERROR] [MY-012592] [InnoDB] Operating system error number 2 in a file operation.
2025-12-08T10:55:33.034590Z 10 [ERROR] [MY-012593] [InnoDB] The error means the system cannot find the path specified.
2025-12-08T10:55:33.034593Z 10 [ERROR] [MY-012216] [InnoDB] Cannot open datafile for read-only: './lobsternotes/fts_000000000000064a_deleted_cache.ibd' OS error: 71
2025-12-08T10:55:33.034858Z 10 [ERROR] [MY-012592] [InnoDB] Operating system error number 2 in a file operation.
2025-12-08T10:55:33.034866Z 10 [ERROR] [MY-012593] [InnoDB] The error means the system cannot find the path specified.
2025-12-08T10:55:33.034869Z 10 [ERROR] [MY-012216] [InnoDB] Cannot open datafile for read-only: './lobsternotes/fts_000000000000064a_00000000000003e4_index_1.ibd' OS error: 71
2025-12-08T10:55:33.035114Z 10 [ERROR] [MY-012592] [InnoDB] Operating system error number 2 in a file operation.
2025-12-08T10:55:33.035122Z 10 [ERROR] [MY-012593] [InnoDB] The error means the system cannot find the path specified.
2025-12-08T10:55:33.035125Z 10 [ERROR] [MY-012216] [InnoDB] Cannot open datafile for read-only: './lobsternotes/fts_000000000000064a_00000000000003e4_index_2.ibd' OS error: 71
2025-12-08T10:55:33.035371Z 10 [ERROR] [MY-012592] [InnoDB] Operating system error number 2 in a file operation.
2025-12-08T10:55:33.035380Z 10 [ERROR] [MY-012593] [InnoDB] The error means the system cannot find the path specified.
2025-12-08T10:55:33.035384Z 10 [ERROR] [MY-012216] [InnoDB] Cannot open datafile for read-only: './lobsternotes/fts_000000000000064a_00000000000003e4_index_3.ibd' OS error: 71
2025-12-08T10:55:33.035638Z 10 [ERROR] [MY-012592] [InnoDB] Operating system error number 2 in a file operation.
2025-12-08T10:55:33.035647Z 10 [ERROR] [MY-012593] [InnoDB] The error means the system cannot find the path specified.
2025-12-08T10:55:33.035650Z 10 [ERROR] [MY-012216] [InnoDB] Cannot open datafile for read-only: './lobsternotes/fts_000000000000064a_00000000000003e4_index_4.ibd' OS error: 71
2025-12-08T10:55:33.035916Z 10 [ERROR] [MY-012592] [InnoDB] Operating system error number 2 in a file operation.
2025-12-08T10:55:33.035923Z 10 [ERROR] [MY-012593] [InnoDB] The error means the system cannot find the path specified.
2025-12-08T10:55:33.035927Z 10 [ERROR] [MY-012216] [InnoDB] Cannot open datafile for read-only: './lobsternotes/fts_000000000000064a_00000000000003e4_index_5.ibd' OS error: 71
2025-12-08T10:55:33.036177Z 10 [ERROR] [MY-012592] [InnoDB] Operating system error number 2 in a file operation.
2025-12-08T10:55:33.036185Z 10 [ERROR] [MY-012593] [InnoDB] The error means the system cannot find the path specified.
2025-12-08T10:55:33.036188Z 10 [ERROR] [MY-012216] [InnoDB] Cannot open datafile for read-only: './lobsternotes/fts_000000000000064a_00000000000003e4_index_6.ibd' OS error: 71
2025-12-08T10:55:33.040050Z 10 [ERROR] [MY-012592] [InnoDB] Operating system error number 2 in a file operation.
2025-12-08T10:55:33.043131Z 10 [ERROR] [MY-012593] [InnoDB] The error means the system cannot find the path specified.
2025-12-08T10:55:33.043144Z 10 [ERROR] [MY-012216] [InnoDB] Cannot open datafile for read-only: './lobsternotes/course.ibd' OS error: 71
2025-12-08T10:55:33.064403Z 10 [ERROR] [MY-012592] [InnoDB] Operating system error number 2 in a file operation.
2025-12-08T10:55:33.064428Z 10 [ERROR] [MY-012593] [InnoDB] The error means the system cannot find the path specified.
2025-12-08T10:55:33.064433Z 10 [ERROR] [MY-012216] [InnoDB] Cannot open datafile for read-only: './lobsternotes/professor.ibd' OS error: 71
2025-12-08T10:55:33.082121Z 10 [ERROR] [MY-012592] [InnoDB] Operating system error number 2 in a file operation.
2025-12-08T10:55:33.082144Z 10 [ERROR] [MY-012593] [InnoDB] The error means the system cannot find the path specified.
2025-12-08T10:55:33.082149Z 10 [ERROR] [MY-012216] [InnoDB] Cannot open datafile for read-only: './lobsternotes/student.ibd' OS error: 71
2025-12-08T10:55:33.105141Z 10 [ERROR] [MY-012592] [InnoDB] Operating system error number 2 in a file operation.
2025-12-08T10:55:33.105164Z 10 [ERROR] [MY-012593] [InnoDB] The error means the system cannot find the path specified.
2025-12-08T10:55:33.105169Z 10 [ERROR] [MY-012216] [InnoDB] Cannot open datafile for read-only: './lobsternotes/user.ibd' OS error: 71
2025-12-08T10:55:33.129337Z 10 [ERROR] [MY-012592] [InnoDB] Operating system error number 2 in a file operation.
2025-12-08T10:55:33.129357Z 10 [ERROR] [MY-012593] [InnoDB] The error means the system cannot find the path specified.
2025-12-08T10:55:33.129362Z 10 [ERROR] [MY-012216] [InnoDB] Cannot open datafile for read-only: './lobsternotes/subject.ibd' OS error: 71
2025-12-08T11:01:34.713937Z 0 [System] [MY-013172] [Server] Received SHUTDOWN from user <via user signal>. Shutting down mysqld (Version: 8.1.0).
2025-12-08T11:01:36.734266Z 0 [Warning] [MY-010909] [Server] /home/nikki.gorski/mysql/bin/mysqld: Forcing close of thread 19  user: 'root'.
2025-12-08T11:01:36.734379Z 0 [Warning] [MY-010909] [Server] /home/nikki.gorski/mysql/bin/mysqld: Forcing close of thread 22  user: 'root'.
2025-12-08T11:01:38.211731Z 0 [System] [MY-010910] [Server] /home/nikki.gorski/mysql/bin/mysqld: Shutdown complete (mysqld 8.1.0)  MySQL Community Server - GPL.
2025-12-08T11:01:38.216885Z 0 [System] [MY-015016] [Server] MySQL Server - end.
2025-12-08T11:01:38.539324Z mysqld_safe mysqld from pid file /home/nikki.gorski/databases/cos457_course_proj/sql-commands-and-backend/database/ant.pid ended
2025-12-08T11:01:49.265117Z mysqld_safe Logging to '/home/nikki.gorski/databases/cos457_course_proj/sql-commands-and-backend/database/ant.err'.
2025-12-08T11:01:49.299369Z mysqld_safe Starting mysqld daemon with databases from /home/nikki.gorski/databases/cos457_course_proj/sql-commands-and-backend/database
2025-12-08T11:01:49.349642Z 0 [System] [MY-015015] [Server] MySQL Server - start.
2025-12-08T11:01:49.552791Z 0 [System] [MY-010116] [Server] /home/nikki.gorski/mysql/bin/mysqld (mysqld 8.1.0) starting as process 1787423
2025-12-08T11:01:49.707456Z 1 [System] [MY-013576] [InnoDB] InnoDB initialization has started.
2025-12-08T11:01:52.166687Z 1 [System] [MY-013577] [InnoDB] InnoDB initialization has ended.
2025-12-08T11:01:52.396813Z 1 [Warning] [MY-012351] [InnoDB] Tablespace 462, name 'lobsternotes/subject', file './lobsternotes/subject.ibd' is missing!
2025-12-08T11:01:52.396875Z 1 [Warning] [MY-012351] [InnoDB] Tablespace 463, name 'lobsternotes/user', file './lobsternotes/user.ibd' is missing!
2025-12-08T11:01:52.396890Z 1 [Warning] [MY-012351] [InnoDB] Tablespace 464, name 'lobsternotes/student', file './lobsternotes/student.ibd' is missing!
2025-12-08T11:01:52.396900Z 1 [Warning] [MY-012351] [InnoDB] Tablespace 465, name 'lobsternotes/professor', file './lobsternotes/professor.ibd' is missing!
2025-12-08T11:01:52.396911Z 1 [Warning] [MY-012351] [InnoDB] Tablespace 466, name 'lobsternotes/course', file './lobsternotes/course.ibd' is missing!
2025-12-08T11:01:52.396931Z 1 [Warning] [MY-012351] [InnoDB] Tablespace 468, name 'lobsternotes/rating', file './lobsternotes/rating.ibd' is missing!
2025-12-08T11:01:52.396942Z 1 [Warning] [MY-012351] [InnoDB] Tablespace 469, name 'lobsternotes/note', file './lobsternotes/note.ibd' is missing!
2025-12-08T11:01:52.396952Z 1 [Warning] [MY-012351] [InnoDB] Tablespace 470, name 'lobsternotes/pdf', file './lobsternotes/pdf.ibd' is missing!
2025-12-08T11:01:52.396962Z 1 [Warning] [MY-012351] [InnoDB] Tablespace 471, name 'lobsternotes/image', file './lobsternotes/image.ibd' is missing!
2025-12-08T11:01:52.402630Z 1 [Warning] [MY-012351] [InnoDB] Tablespace 472, name 'lobsternotes/video', file './lobsternotes/video.ibd' is missing!
2025-12-08T11:01:52.402642Z 1 [Warning] [MY-012351] [InnoDB] Tablespace 473, name 'lobsternotes/website', file './lobsternotes/website.ibd' is missing!
2025-12-08T11:01:52.402652Z 1 [Warning] [MY-012351] [InnoDB] Tablespace 474, name 'lobsternotes/enrolled', file './lobsternotes/enrolled.ibd' is missing!
2025-12-08T11:01:52.402658Z 1 [Warning] [MY-012351] [InnoDB] Tablespace 475, name 'lobsternotes/teaches', file './lobsternotes/teaches.ibd' is missing!
2025-12-08T11:01:52.402663Z 1 [Warning] [MY-012351] [InnoDB] Tablespace 476, name 'lobsternotes/StageWebData', file './lobsternotes/StageWebData.ibd' is missing!
2025-12-08T11:01:52.402668Z 1 [Warning] [MY-012351] [InnoDB] Tablespace 477, name 'lobsternotes/resource', file './lobsternotes/resource.ibd' is missing!
2025-12-08T11:01:52.402675Z 1 [Warning] [MY-012351] [InnoDB] Tablespace 484, name 'lobsternotes/fts_0000000000000665_being_deleted', file './lobsternotes/fts_0000000000000665_being_deleted.ibd' is missing!
2025-12-08T11:01:52.402680Z 1 [Warning] [MY-012351] [InnoDB] Tablespace 485, name 'lobsternotes/fts_0000000000000665_being_deleted_cache', file './lobsternotes/fts_0000000000000665_being_deleted_cache.ibd' is missing!
2025-12-08T11:01:52.402686Z 1 [Warning] [MY-012351] [InnoDB] Tablespace 486, name 'lobsternotes/fts_0000000000000665_config', file './lobsternotes/fts_0000000000000665_config.ibd' is missing!
2025-12-08T11:01:52.402691Z 1 [Warning] [MY-012351] [InnoDB] Tablespace 487, name 'lobsternotes/fts_0000000000000665_deleted', file './lobsternotes/fts_0000000000000665_deleted.ibd' is missing!
2025-12-08T11:01:52.402696Z 1 [Warning] [MY-012351] [InnoDB] Tablespace 488, name 'lobsternotes/fts_0000000000000665_deleted_cache', file './lobsternotes/fts_0000000000000665_deleted_cache.ibd' is missing!
2025-12-08T11:01:52.402702Z 1 [Warning] [MY-012351] [InnoDB] Tablespace 478, name 'lobsternotes/fts_0000000000000665_0000000000000418_index_1', file './lobsternotes/fts_0000000000000665_0000000000000418_index_1.ibd' is missing!
2025-12-08T11:01:52.402707Z 1 [Warning] [MY-012351] [InnoDB] Tablespace 479, name 'lobsternotes/fts_0000000000000665_0000000000000418_index_2', file './lobsternotes/fts_0000000000000665_0000000000000418_index_2.ibd' is missing!
2025-12-08T11:01:52.402712Z 1 [Warning] [MY-012351] [InnoDB] Tablespace 480, name 'lobsternotes/fts_0000000000000665_0000000000000418_index_3', file './lobsternotes/fts_0000000000000665_0000000000000418_index_3.ibd' is missing!
2025-12-08T11:01:52.402717Z 1 [Warning] [MY-012351] [InnoDB] Tablespace 481, name 'lobsternotes/fts_0000000000000665_0000000000000418_index_4', file './lobsternotes/fts_0000000000000665_0000000000000418_index_4.ibd' is missing!
2025-12-08T11:01:52.402722Z 1 [Warning] [MY-012351] [InnoDB] Tablespace 482, name 'lobsternotes/fts_0000000000000665_0000000000000418_index_5', file './lobsternotes/fts_0000000000000665_0000000000000418_index_5.ibd' is missing!
2025-12-08T11:01:52.402727Z 1 [Warning] [MY-012351] [InnoDB] Tablespace 483, name 'lobsternotes/fts_0000000000000665_0000000000000418_index_6', file './lobsternotes/fts_0000000000000665_0000000000000418_index_6.ibd' is missing!
2025-12-08T11:01:53.170110Z 0 [Warning] [MY-010068] [Server] CA certificate ca.pem is self signed.
2025-12-08T11:01:53.170144Z 0 [System] [MY-013602] [Server] Channel mysql_main configured to support TLS. Encrypted connections are now supported for this channel.
2025-12-08T11:01:53.295306Z 0 [System] [MY-011323] [Server] X Plugin ready for connections. Bind-address: '::' port: 33060, socket: /tmp/mysqlx.sock
2025-12-08T11:01:53.295405Z 0 [System] [MY-010931] [Server] /home/nikki.gorski/mysql/bin/mysqld: ready for connections. Version: '8.1.0'  socket: '/home/nikki.gorski/mysql.sock'  port: 3306  MySQL Community Server - GPL.
2025-12-08T11:01:54.277587Z 10 [ERROR] [MY-012592] [InnoDB] Operating system error number 2 in a file operation.
2025-12-08T11:01:54.277625Z 10 [ERROR] [MY-012593] [InnoDB] The error means the system cannot find the path specified.
2025-12-08T11:01:54.277632Z 10 [ERROR] [MY-012216] [InnoDB] Cannot open datafile for read-only: './lobsternotes/StageWebData.ibd' OS error: 71
2025-12-08T11:01:54.289070Z 10 [ERROR] [MY-012592] [InnoDB] Operating system error number 2 in a file operation.
2025-12-08T11:01:54.289090Z 10 [ERROR] [MY-012593] [InnoDB] The error means the system cannot find the path specified.
2025-12-08T11:01:54.289102Z 10 [ERROR] [MY-012216] [InnoDB] Cannot open datafile for read-only: './lobsternotes/teaches.ibd' OS error: 71
2025-12-08T11:01:54.310671Z 10 [ERROR] [MY-012592] [InnoDB] Operating system error number 2 in a file operation.
2025-12-08T11:01:54.310693Z 10 [ERROR] [MY-012593] [InnoDB] The error means the system cannot find the path specified.
2025-12-08T11:01:54.310698Z 10 [ERROR] [MY-012216] [InnoDB] Cannot open datafile for read-only: './lobsternotes/enrolled.ibd' OS error: 71
2025-12-08T11:01:54.340153Z 10 [ERROR] [MY-012592] [InnoDB] Operating system error number 2 in a file operation.
2025-12-08T11:01:54.340177Z 10 [ERROR] [MY-012593] [InnoDB] The error means the system cannot find the path specified.
2025-12-08T11:01:54.340182Z 10 [ERROR] [MY-012216] [InnoDB] Cannot open datafile for read-only: './lobsternotes/website.ibd' OS error: 71
2025-12-08T11:01:54.354965Z 10 [ERROR] [MY-012592] [InnoDB] Operating system error number 2 in a file operation.
2025-12-08T11:01:54.357624Z 10 [ERROR] [MY-012593] [InnoDB] The error means the system cannot find the path specified.
2025-12-08T11:01:54.357640Z 10 [ERROR] [MY-012216] [InnoDB] Cannot open datafile for read-only: './lobsternotes/video.ibd' OS error: 71
2025-12-08T11:01:54.373846Z 10 [ERROR] [MY-012592] [InnoDB] Operating system error number 2 in a file operation.
2025-12-08T11:01:54.373865Z 10 [ERROR] [MY-012593] [InnoDB] The error means the system cannot find the path specified.
2025-12-08T11:01:54.373870Z 10 [ERROR] [MY-012216] [InnoDB] Cannot open datafile for read-only: './lobsternotes/image.ibd' OS error: 71
2025-12-08T11:01:54.399337Z 10 [ERROR] [MY-012592] [InnoDB] Operating system error number 2 in a file operation.
2025-12-08T11:01:54.399361Z 10 [ERROR] [MY-012593] [InnoDB] The error means the system cannot find the path specified.
2025-12-08T11:01:54.399367Z 10 [ERROR] [MY-012216] [InnoDB] Cannot open datafile for read-only: './lobsternotes/pdf.ibd' OS error: 71
2025-12-08T11:01:54.428371Z 10 [ERROR] [MY-012592] [InnoDB] Operating system error number 2 in a file operation.
2025-12-08T11:01:54.428395Z 10 [ERROR] [MY-012593] [InnoDB] The error means the system cannot find the path specified.
2025-12-08T11:01:54.428401Z 10 [ERROR] [MY-012216] [InnoDB] Cannot open datafile for read-only: './lobsternotes/note.ibd' OS error: 71
2025-12-08T11:01:54.453794Z 10 [ERROR] [MY-012592] [InnoDB] Operating system error number 2 in a file operation.
2025-12-08T11:01:54.453816Z 10 [ERROR] [MY-012593] [InnoDB] The error means the system cannot find the path specified.
2025-12-08T11:01:54.453821Z 10 [ERROR] [MY-012216] [InnoDB] Cannot open datafile for read-only: './lobsternotes/rating.ibd' OS error: 71
2025-12-08T11:01:54.476289Z 10 [ERROR] [MY-012592] [InnoDB] Operating system error number 2 in a file operation.
2025-12-08T11:01:54.476308Z 10 [ERROR] [MY-012593] [InnoDB] The error means the system cannot find the path specified.
2025-12-08T11:01:54.476313Z 10 [ERROR] [MY-012216] [InnoDB] Cannot open datafile for read-only: './lobsternotes/resource.ibd' OS error: 71
2025-12-08T11:01:54.492331Z 10 [ERROR] [MY-012592] [InnoDB] Operating system error number 2 in a file operation.
2025-12-08T11:01:54.492360Z 10 [ERROR] [MY-012593] [InnoDB] The error means the system cannot find the path specified.
2025-12-08T11:01:54.492366Z 10 [ERROR] [MY-012216] [InnoDB] Cannot open datafile for read-only: './lobsternotes/fts_0000000000000665_being_deleted.ibd' OS error: 71
2025-12-08T11:01:54.492709Z 10 [ERROR] [MY-012592] [InnoDB] Operating system error number 2 in a file operation.
2025-12-08T11:01:54.492719Z 10 [ERROR] [MY-012593] [InnoDB] The error means the system cannot find the path specified.
2025-12-08T11:01:54.492723Z 10 [ERROR] [MY-012216] [InnoDB] Cannot open datafile for read-only: './lobsternotes/fts_0000000000000665_being_deleted_cache.ibd' OS error: 71
2025-12-08T11:01:54.493006Z 10 [ERROR] [MY-012592] [InnoDB] Operating system error number 2 in a file operation.
2025-12-08T11:01:54.493015Z 10 [ERROR] [MY-012593] [InnoDB] The error means the system cannot find the path specified.
2025-12-08T11:01:54.493018Z 10 [ERROR] [MY-012216] [InnoDB] Cannot open datafile for read-only: './lobsternotes/fts_0000000000000665_config.ibd' OS error: 71
2025-12-08T11:01:54.493279Z 10 [ERROR] [MY-012592] [InnoDB] Operating system error number 2 in a file operation.
2025-12-08T11:01:54.493288Z 10 [ERROR] [MY-012593] [InnoDB] The error means the system cannot find the path specified.
2025-12-08T11:01:54.493292Z 10 [ERROR] [MY-012216] [InnoDB] Cannot open datafile for read-only: './lobsternotes/fts_0000000000000665_deleted.ibd' OS error: 71
2025-12-08T11:01:54.493546Z 10 [ERROR] [MY-012592] [InnoDB] Operating system error number 2 in a file operation.
2025-12-08T11:01:54.493555Z 10 [ERROR] [MY-012593] [InnoDB] The error means the system cannot find the path specified.
2025-12-08T11:01:54.493558Z 10 [ERROR] [MY-012216] [InnoDB] Cannot open datafile for read-only: './lobsternotes/fts_0000000000000665_deleted_cache.ibd' OS error: 71
2025-12-08T11:01:54.493842Z 10 [ERROR] [MY-012592] [InnoDB] Operating system error number 2 in a file operation.
2025-12-08T11:01:54.493851Z 10 [ERROR] [MY-012593] [InnoDB] The error means the system cannot find the path specified.
2025-12-08T11:01:54.493854Z 10 [ERROR] [MY-012216] [InnoDB] Cannot open datafile for read-only: './lobsternotes/fts_0000000000000665_0000000000000418_index_1.ibd' OS error: 71
2025-12-08T11:01:54.494094Z 10 [ERROR] [MY-012592] [InnoDB] Operating system error number 2 in a file operation.
2025-12-08T11:01:54.494102Z 10 [ERROR] [MY-012593] [InnoDB] The error means the system cannot find the path specified.
2025-12-08T11:01:54.494106Z 10 [ERROR] [MY-012216] [InnoDB] Cannot open datafile for read-only: './lobsternotes/fts_0000000000000665_0000000000000418_index_2.ibd' OS error: 71
2025-12-08T11:01:54.494381Z 10 [ERROR] [MY-012592] [InnoDB] Operating system error number 2 in a file operation.
2025-12-08T11:01:54.494390Z 10 [ERROR] [MY-012593] [InnoDB] The error means the system cannot find the path specified.
2025-12-08T11:01:54.494393Z 10 [ERROR] [MY-012216] [InnoDB] Cannot open datafile for read-only: './lobsternotes/fts_0000000000000665_0000000000000418_index_3.ibd' OS error: 71
2025-12-08T11:01:54.494665Z 10 [ERROR] [MY-012592] [InnoDB] Operating system error number 2 in a file operation.
2025-12-08T11:01:54.494674Z 10 [ERROR] [MY-012593] [InnoDB] The error means the system cannot find the path specified.
2025-12-08T11:01:54.494677Z 10 [ERROR] [MY-012216] [InnoDB] Cannot open datafile for read-only: './lobsternotes/fts_0000000000000665_0000000000000418_index_4.ibd' OS error: 71
2025-12-08T11:01:54.494942Z 10 [ERROR] [MY-012592] [InnoDB] Operating system error number 2 in a file operation.
2025-12-08T11:01:54.494950Z 10 [ERROR] [MY-012593] [InnoDB] The error means the system cannot find the path specified.
2025-12-08T11:01:54.494953Z 10 [ERROR] [MY-012216] [InnoDB] Cannot open datafile for read-only: './lobsternotes/fts_0000000000000665_0000000000000418_index_5.ibd' OS error: 71
2025-12-08T11:01:54.495198Z 10 [ERROR] [MY-012592] [InnoDB] Operating system error number 2 in a file operation.
2025-12-08T11:01:54.495209Z 10 [ERROR] [MY-012593] [InnoDB] The error means the system cannot find the path specified.
2025-12-08T11:01:54.495213Z 10 [ERROR] [MY-012216] [InnoDB] Cannot open datafile for read-only: './lobsternotes/fts_0000000000000665_0000000000000418_index_6.ibd' OS error: 71
2025-12-08T11:01:54.498667Z 10 [ERROR] [MY-012592] [InnoDB] Operating system error number 2 in a file operation.
2025-12-08T11:01:54.498689Z 10 [ERROR] [MY-012593] [InnoDB] The error means the system cannot find the path specified.
2025-12-08T11:01:54.498694Z 10 [ERROR] [MY-012216] [InnoDB] Cannot open datafile for read-only: './lobsternotes/course.ibd' OS error: 71
2025-12-08T11:01:54.527969Z 10 [ERROR] [MY-012592] [InnoDB] Operating system error number 2 in a file operation.
2025-12-08T11:01:54.527996Z 10 [ERROR] [MY-012593] [InnoDB] The error means the system cannot find the path specified.
2025-12-08T11:01:54.528002Z 10 [ERROR] [MY-012216] [InnoDB] Cannot open datafile for read-only: './lobsternotes/professor.ibd' OS error: 71
2025-12-08T11:01:54.558257Z 10 [ERROR] [MY-012592] [InnoDB] Operating system error number 2 in a file operation.
2025-12-08T11:01:54.558279Z 10 [ERROR] [MY-012593] [InnoDB] The error means the system cannot find the path specified.
2025-12-08T11:01:54.558286Z 10 [ERROR] [MY-012216] [InnoDB] Cannot open datafile for read-only: './lobsternotes/student.ibd' OS error: 71
2025-12-08T11:01:54.584020Z 10 [ERROR] [MY-012592] [InnoDB] Operating system error number 2 in a file operation.
2025-12-08T11:01:54.584043Z 10 [ERROR] [MY-012593] [InnoDB] The error means the system cannot find the path specified.
2025-12-08T11:01:54.584049Z 10 [ERROR] [MY-012216] [InnoDB] Cannot open datafile for read-only: './lobsternotes/user.ibd' OS error: 71
2025-12-08T11:01:54.605099Z 10 [ERROR] [MY-012592] [InnoDB] Operating system error number 2 in a file operation.
2025-12-08T11:01:54.605123Z 10 [ERROR] [MY-012593] [InnoDB] The error means the system cannot find the path specified.
2025-12-08T11:01:54.605129Z 10 [ERROR] [MY-012216] [InnoDB] Cannot open datafile for read-only: './lobsternotes/subject.ibd' OS error: 71
2025-12-08T11:27:25.203720Z 130 [Warning] [MY-010055] [Server] IP address '196.251.100.164' could not be resolved: Name or service not known
